This file contains any messages produced by compilers while
running configure, to aid debugging if configure makes a mistake.

It was created by fdk-aac configure 0.1.4, which was
generated by GNU Autoconf 2.69.  Invocation command line was

  $ /Users/fan/Desktop/fdk-aac/fdk-aac-0.1.4/configure --enable-static --with-pic=yes --disable-shared --host=i386-apple-darwin CC=xcrun -sdk iphonesimulator clang -Wno-error=unused-command-line-argument-hard-error-in-future CXX=xcrun -sdk iphonesimulator clang -Wno-error=unused-command-line-argument-hard-error-in-future CPP=xcrun -sdk iphonesimulator clang -Wno-error=unused-command-line-argument-hard-error-in-future -E AS=/Users/fan/Desktop/fdk-aac/fdk-aac-0.1.4/extras/gas-preprocessor.pl xcrun -sdk iphonesimulator clang -Wno-error=unused-command-line-argument-hard-error-in-future CFLAGS=-arch i386 -mios-simulator-version-min=7.0 LDFLAGS=-arch i386 -mios-simulator-version-min=7.0 CPPFLAGS=-arch i386 -mios-simulator-version-min=7.0 --prefix=/Users/fan/Desktop/fdk-aac/thin/i386

## --------- ##
## Platform. ##
## --------- ##

hostname = fengcaifandeMacBook-Pro-2.local
uname -m = x86_64
uname -r = 18.7.0
uname -s = Darwin
uname -v = Darwin Kernel Version 18.7.0: Tue Aug 20 16:57:14 PDT 2019; root:xnu-4903.271.2~2/RELEASE_X86_64

/usr/bin/uname -p = i386
/bin/uname -X     = unknown

/bin/arch              = unknown
/usr/bin/arch -k       = unknown
/usr/convex/getsysinfo = unknown
/usr/bin/hostinfo      = Mach kernel version:
	 Darwin Kernel Version 18.7.0: Tue Aug 20 16:57:14 PDT 2019; root:xnu-4903.271.2~2/RELEASE_X86_64
Kernel configured for up to 4 processors.
2 processors are physically available.
4 processors are logically available.
Processor type: x86_64h (Intel x86-64h Haswell)
Processors active: 0 1 2 3
Primary memory available: 16.00 gigabytes
Default processor set: 349 tasks, 1380 threads, 4 processors
Load average: 2.64, Mach factor: 1.64
/bin/machine           = unknown
/usr/bin/oslevel       = unknown
/bin/universe          = unknown

PATH: /usr/local/bin
PATH: /usr/bin
PATH: /bin
PATH: /usr/sbin
PATH: /sbin
PATH: /usr/local/go/bin
PATH: /Users/fan/Documents/Golang/bin
PATH: /Users/fan/Documents/Flutter/flutter/bin
PATH: /Users/fan/Documents/Flutter/flutter/bin/cache/dart-sdk/bin
PATH: /Users/fan/Library/Android/sdk/platform-tools
PATH: /Users/fan/Library/Android/sdk/tools
PATH: /Users/fan/Library/Android/sdk
PATH: /Users/fan/.rvm/bin


## ----------- ##
## Core tests. ##
## ----------- ##

configure:2309: checking for a BSD-compatible install
configure:2377: result: /usr/bin/install -c
configure:2388: checking whether build environment is sane
configure:2443: result: yes
configure:2502: checking for i386-apple-darwin-strip
configure:2532: result: no
configure:2542: checking for strip
configure:2558: found /usr/bin/strip
configure:2569: result: strip
configure:2594: checking for a thread-safe mkdir -p
configure:2633: result: /Users/fan/Desktop/fdk-aac/fdk-aac-0.1.4/./install-sh -c -d
configure:2640: checking for gawk
configure:2670: result: no
configure:2640: checking for mawk
configure:2670: result: no
configure:2640: checking for nawk
configure:2670: result: no
configure:2640: checking for awk
configure:2656: found /usr/bin/awk
configure:2667: result: awk
configure:2678: checking whether make sets $(MAKE)
configure:2700: result: yes
configure:2729: checking whether make supports nested variables
configure:2746: result: yes
configure:2835: checking whether UID '501' is supported by ustar format
configure:2838: result: yes
configure:2845: checking whether GID '20' is supported by ustar format
configure:2848: result: yes
configure:2856: checking how to create a ustar tar archive
configure:2867: tar --version
bsdtar 2.8.3 - libarchive 2.8.3
configure:2870: $? = 0
configure:2910: tardir=conftest.dir && eval tar --format=ustar -chf - "$tardir" >conftest.tar
configure:2913: $? = 0
configure:2917: tar -xf - <conftest.tar
configure:2920: $? = 0
configure:2922: cat conftest.dir/file
GrepMe
configure:2925: $? = 0
configure:2938: result: gnutar
configure:2999: checking whether make supports nested variables
configure:3016: result: yes
configure:3053: checking for i386-apple-darwin-gcc
configure:3080: result: xcrun -sdk iphonesimulator clang -Wno-error=unused-command-line-argument-hard-error-in-future
configure:3349: checking for C compiler version
configure:3358: xcrun -sdk iphonesimulator clang -Wno-error=unused-command-line-argument-hard-error-in-future --version >&5
Apple clang version 11.0.0 (clang-1100.0.33.17)
Target: x86_64-apple-darwin18.7.0
Thread model: posix
InstalledDir: /Applications/Xcode.app/Contents/Developer/Toolchains/XcodeDefault.xctoolchain/usr/bin
configure:3369: $? = 0
configure:3358: xcrun -sdk iphonesimulator clang -Wno-error=unused-command-line-argument-hard-error-in-future -v >&5
Apple clang version 11.0.0 (clang-1100.0.33.17)
Target: x86_64-apple-darwin18.7.0
Thread model: posix
InstalledDir: /Applications/Xcode.app/Contents/Developer/Toolchains/XcodeDefault.xctoolchain/usr/bin
configure:3369: $? = 0
configure:3358: xcrun -sdk iphonesimulator clang -Wno-error=unused-command-line-argument-hard-error-in-future -V >&5
clang: error: unsupported option '-V -Wno-framework-include-private-from-public'
clang: error: no input files
configure:3369: $? = 1
configure:3358: xcrun -sdk iphonesimulator clang -Wno-error=unused-command-line-argument-hard-error-in-future -qversion >&5
clang: error: unknown argument '-qversion', did you mean '--version'?
clang: error: no input files
configure:3369: $? = 1
configure:3389: checking whether the C compiler works
configure:3411: xcrun -sdk iphonesimulator clang -Wno-error=unused-command-line-argument-hard-error-in-future -arch i386 -mios-simulator-version-min=7.0 -arch i386 -mios-simulator-version-min=7.0 -arch i386 -mios-simulator-version-min=7.0 conftest.c  >&5
warning: unknown warning option '-Werror=unused-command-line-argument-hard-error-in-future'; did you mean '-Werror=unused-command-line-argument'? [-Wunknown-warning-option]
1 warning generated.
ld: warning: OS version (7.0.0) too small, changing to 8.0.0
configure:3415: $? = 0
configure:3463: result: yes
configure:3466: checking for C compiler default output file name
configure:3468: result: a.out
configure:3474: checking for suffix of executables
configure:3481: xcrun -sdk iphonesimulator clang -Wno-error=unused-command-line-argument-hard-error-in-future -o conftest -arch i386 -mios-simulator-version-min=7.0 -arch i386 -mios-simulator-version-min=7.0 -arch i386 -mios-simulator-version-min=7.0 conftest.c  >&5
warning: unknown warning option '-Werror=unused-command-line-argument-hard-error-in-future'; did you mean '-Werror=unused-command-line-argument'? [-Wunknown-warning-option]
1 warning generated.
ld: warning: OS version (7.0.0) too small, changing to 8.0.0
configure:3485: $? = 0
configure:3507: result: 
configure:3529: checking whether we are cross compiling
configure:3537: xcrun -sdk iphonesimulator clang -Wno-error=unused-command-line-argument-hard-error-in-future -o conftest -arch i386 -mios-simulator-version-min=7.0 -arch i386 -mios-simulator-version-min=7.0 -arch i386 -mios-simulator-version-min=7.0 conftest.c  >&5
warning: unknown warning option '-Werror=unused-command-line-argument-hard-error-in-future'; did you mean '-Werror=unused-command-line-argument'? [-Wunknown-warning-option]
1 warning generated.
ld: warning: OS version (7.0.0) too small, changing to 8.0.0
configure:3541: $? = 0
configure:3548: ./conftest
dyld: mach-o, but built for simulator (not macOS)
/Users/fan/Desktop/fdk-aac/fdk-aac-0.1.4/configure: line 3550: 26000 Abort trap: 6           ./conftest$ac_cv_exeext
configure:3552: $? = 134
configure:3567: result: yes
configure:3572: checking for suffix of object files
configure:3594: xcrun -sdk iphonesimulator clang -Wno-error=unused-command-line-argument-hard-error-in-future -c -arch i386 -mios-simulator-version-min=7.0 -arch i386 -mios-simulator-version-min=7.0 conftest.c >&5
warning: unknown warning option '-Werror=unused-command-line-argument-hard-error-in-future'; did you mean '-Werror=unused-command-line-argument'? [-Wunknown-warning-option]
1 warning generated.
configure:3598: $? = 0
configure:3619: result: o
configure:3623: checking whether we are using the GNU C compiler
configure:3642: xcrun -sdk iphonesimulator clang -Wno-error=unused-command-line-argument-hard-error-in-future -c -arch i386 -mios-simulator-version-min=7.0 -arch i386 -mios-simulator-version-min=7.0 conftest.c >&5
warning: unknown warning option '-Werror=unused-command-line-argument-hard-error-in-future'; did you mean '-Werror=unused-command-line-argument'? [-Wunknown-warning-option]
1 warning generated.
configure:3642: $? = 0
configure:3651: result: yes
configure:3660: checking whether xcrun -sdk iphonesimulator clang -Wno-error=unused-command-line-argument-hard-error-in-future accepts -g
configure:3680: xcrun -sdk iphonesimulator clang -Wno-error=unused-command-line-argument-hard-error-in-future -c -g -arch i386 -mios-simulator-version-min=7.0 conftest.c >&5
warning: unknown warning option '-Werror=unused-command-line-argument-hard-error-in-future'; did you mean '-Werror=unused-command-line-argument'? [-Wunknown-warning-option]
1 warning generated.
configure:3680: $? = 0
configure: failed program was:
| /* confdefs.h */
| #define PACKAGE_NAME "fdk-aac"
| #define PACKAGE_TARNAME "fdk-aac"
| #define PACKAGE_VERSION "0.1.4"
| #define PACKAGE_STRING "fdk-aac 0.1.4"
| #define PACKAGE_BUGREPORT "http://sourceforge.net/projects/opencore-amr/"
| #define PACKAGE_URL ""
| #define PACKAGE "fdk-aac"
| #define VERSION "0.1.4"
| /* end confdefs.h.  */
| 
| int
| main ()
| {
| 
|   ;
|   return 0;
| }
configure:3695: xcrun -sdk iphonesimulator clang -Wno-error=unused-command-line-argument-hard-error-in-future -c  -arch i386 -mios-simulator-version-min=7.0 conftest.c >&5
warning: unknown warning option '-Werror=unused-command-line-argument-hard-error-in-future'; did you mean '-Werror=unused-command-line-argument'? [-Wunknown-warning-option]
1 warning generated.
configure:3695: $? = 0
configure: failed program was:
| /* confdefs.h */
| #define PACKAGE_NAME "fdk-aac"
| #define PACKAGE_TARNAME "fdk-aac"
| #define PACKAGE_VERSION "0.1.4"
| #define PACKAGE_STRING "fdk-aac 0.1.4"
| #define PACKAGE_BUGREPORT "http://sourceforge.net/projects/opencore-amr/"
| #define PACKAGE_URL ""
| #define PACKAGE "fdk-aac"
| #define VERSION "0.1.4"
| /* end confdefs.h.  */
| 
| int
| main ()
| {
| 
|   ;
|   return 0;
| }
configure:3711: xcrun -sdk iphonesimulator clang -Wno-error=unused-command-line-argument-hard-error-in-future -c -g -arch i386 -mios-simulator-version-min=7.0 conftest.c >&5
warning: unknown warning option '-Werror=unused-command-line-argument-hard-error-in-future'; did you mean '-Werror=unused-command-line-argument'? [-Wunknown-warning-option]
1 warning generated.
configure:3711: $? = 0
configure:3721: result: yes
configure:3738: checking for xcrun -sdk iphonesimulator clang -Wno-error=unused-command-line-argument-hard-error-in-future option to accept ISO C89
configure:3801: xcrun -sdk iphonesimulator clang -Wno-error=unused-command-line-argument-hard-error-in-future  -c -arch i386 -mios-simulator-version-min=7.0 -arch i386 -mios-simulator-version-min=7.0 conftest.c >&5
warning: unknown warning option '-Werror=unused-command-line-argument-hard-error-in-future'; did you mean '-Werror=unused-command-line-argument'? [-Wunknown-warning-option]
1 warning generated.
configure:3801: $? = 0
configure:3814: result: none needed
configure:3839: checking whether xcrun -sdk iphonesimulator clang -Wno-error=unused-command-line-argument-hard-error-in-future understands -c and -o together
configure:3861: xcrun -sdk iphonesimulator clang -Wno-error=unused-command-line-argument-hard-error-in-future -c conftest.c -o conftest2.o
warning: unknown warning option '-Werror=unused-command-line-argument-hard-error-in-future'; did you mean '-Werror=unused-command-line-argument'? [-Wunknown-warning-option]
1 warning generated.
configure:3864: $? = 0
configure:3861: xcrun -sdk iphonesimulator clang -Wno-error=unused-command-line-argument-hard-error-in-future -c conftest.c -o conftest2.o
warning: unknown warning option '-Werror=unused-command-line-argument-hard-error-in-future'; did you mean '-Werror=unused-command-line-argument'? [-Wunknown-warning-option]
1 warning generated.
configure:3864: $? = 0
configure:3876: result: yes
configure:3896: checking whether make supports the include directive
configure:3911: make -f confmf.GNU && cat confinc.out
this is the am__doit target
configure:3914: $? = 0
configure:3933: result: yes (GNU style)
configure:3958: checking dependency style of xcrun -sdk iphonesimulator clang -Wno-error=unused-command-line-argument-hard-error-in-future
configure:4069: result: gcc3
configure:4196: checking for C++ compiler version
configure:4205: xcrun -sdk iphonesimulator clang -Wno-error=unused-command-line-argument-hard-error-in-future --version >&5
Apple clang version 11.0.0 (clang-1100.0.33.17)
Target: x86_64-apple-darwin18.7.0
Thread model: posix
InstalledDir: /Applications/Xcode.app/Contents/Developer/Toolchains/XcodeDefault.xctoolchain/usr/bin
configure:4216: $? = 0
configure:4205: xcrun -sdk iphonesimulator clang -Wno-error=unused-command-line-argument-hard-error-in-future -v >&5
Apple clang version 11.0.0 (clang-1100.0.33.17)
Target: x86_64-apple-darwin18.7.0
Thread model: posix
InstalledDir: /Applications/Xcode.app/Contents/Developer/Toolchains/XcodeDefault.xctoolchain/usr/bin
configure:4216: $? = 0
configure:4205: xcrun -sdk iphonesimulator clang -Wno-error=unused-command-line-argument-hard-error-in-future -V >&5
clang: error: unsupported option '-V -Wno-framework-include-private-from-public'
clang: error: no input files
configure:4216: $? = 1
configure:4205: xcrun -sdk iphonesimulator clang -Wno-error=unused-command-line-argument-hard-error-in-future -qversion >&5
clang: error: unknown argument '-qversion', did you mean '--version'?
clang: error: no input files
configure:4216: $? = 1
configure:4220: checking whether we are using the GNU C++ compiler
configure:4239: xcrun -sdk iphonesimulator clang -Wno-error=unused-command-line-argument-hard-error-in-future -c  -arch i386 -mios-simulator-version-min=7.0 conftest.cpp >&5
warning: unknown warning option '-Werror=unused-command-line-argument-hard-error-in-future'; did you mean '-Werror=unused-command-line-argument'? [-Wunknown-warning-option]
1 warning generated.
configure:4239: $? = 0
configure:4248: result: yes
configure:4257: checking whether xcrun -sdk iphonesimulator clang -Wno-error=unused-command-line-argument-hard-error-in-future accepts -g
configure:4277: xcrun -sdk iphonesimulator clang -Wno-error=unused-command-line-argument-hard-error-in-future -c -g -arch i386 -mios-simulator-version-min=7.0 conftest.cpp >&5
warning: unknown warning option '-Werror=unused-command-line-argument-hard-error-in-future'; did you mean '-Werror=unused-command-line-argument'? [-Wunknown-warning-option]
1 warning generated.
configure:4277: $? = 0
configure: failed program was:
| /* confdefs.h */
| #define PACKAGE_NAME "fdk-aac"
| #define PACKAGE_TARNAME "fdk-aac"
| #define PACKAGE_VERSION "0.1.4"
| #define PACKAGE_STRING "fdk-aac 0.1.4"
| #define PACKAGE_BUGREPORT "http://sourceforge.net/projects/opencore-amr/"
| #define PACKAGE_URL ""
| #define PACKAGE "fdk-aac"
| #define VERSION "0.1.4"
| /* end confdefs.h.  */
| 
| int
| main ()
| {
| 
|   ;
|   return 0;
| }
configure:4292: xcrun -sdk iphonesimulator clang -Wno-error=unused-command-line-argument-hard-error-in-future -c  -arch i386 -mios-simulator-version-min=7.0 conftest.cpp >&5
warning: unknown warning option '-Werror=unused-command-line-argument-hard-error-in-future'; did you mean '-Werror=unused-command-line-argument'? [-Wunknown-warning-option]
1 warning generated.
configure:4292: $? = 0
configure: failed program was:
| /* confdefs.h */
| #define PACKAGE_NAME "fdk-aac"
| #define PACKAGE_TARNAME "fdk-aac"
| #define PACKAGE_VERSION "0.1.4"
| #define PACKAGE_STRING "fdk-aac 0.1.4"
| #define PACKAGE_BUGREPORT "http://sourceforge.net/projects/opencore-amr/"
| #define PACKAGE_URL ""
| #define PACKAGE "fdk-aac"
| #define VERSION "0.1.4"
| /* end confdefs.h.  */
| 
| int
| main ()
| {
| 
|   ;
|   return 0;
| }
configure:4308: xcrun -sdk iphonesimulator clang -Wno-error=unused-command-line-argument-hard-error-in-future -c -g -arch i386 -mios-simulator-version-min=7.0 conftest.cpp >&5
warning: unknown warning option '-Werror=unused-command-line-argument-hard-error-in-future'; did you mean '-Werror=unused-command-line-argument'? [-Wunknown-warning-option]
1 warning generated.
configure:4308: $? = 0
configure:4318: result: yes
configure:4343: checking dependency style of xcrun -sdk iphonesimulator clang -Wno-error=unused-command-line-argument-hard-error-in-future
configure:4454: result: gcc3
configure:4498: checking build system type
configure:4512: result: x86_64-apple-darwin18.7.0
configure:4532: checking host system type
configure:4545: result: i386-apple-darwin
configure:4586: checking how to print strings
configure:4613: result: printf
configure:4634: checking for a sed that does not truncate output
configure:4698: result: /usr/bin/sed
configure:4716: checking for grep that handles long lines and -e
configure:4774: result: /usr/bin/grep
configure:4779: checking for egrep
configure:4841: result: /usr/bin/grep -E
configure:4846: checking for fgrep
configure:4908: result: /usr/bin/grep -F
configure:4943: checking for ld used by xcrun -sdk iphonesimulator clang -Wno-error=unused-command-line-argument-hard-error-in-future
configure:5010: result: /Applications/Xcode.app/Contents/Developer/Toolchains/XcodeDefault.xctoolchain/usr/bin/ld
configure:5017: checking if the linker (/Applications/Xcode.app/Contents/Developer/Toolchains/XcodeDefault.xctoolchain/usr/bin/ld) is GNU ld
configure:5032: result: no
configure:5044: checking for BSD- or MS-compatible name lister (nm)
configure:5098: result: no
configure:5112: checking for i386-apple-darwin-dumpbin
configure:5142: result: no
configure:5112: checking for i386-apple-darwin-link
configure:5142: result: no
configure:5156: checking for dumpbin
configure:5186: result: no
configure:5156: checking for link
configure:5172: found /bin/link
configure:5183: result: link -dump
configure:5199: WARNING: using cross tools not prefixed with host triplet
configure:5228: checking the name lister (nm) interface
configure:5235: xcrun -sdk iphonesimulator clang -Wno-error=unused-command-line-argument-hard-error-in-future -c -arch i386 -mios-simulator-version-min=7.0 -arch i386 -mios-simulator-version-min=7.0 conftest.c >&5
warning: unknown warning option '-Werror=unused-command-line-argument-hard-error-in-future'; did you mean '-Werror=unused-command-line-argument'? [-Wunknown-warning-option]
1 warning generated.
configure:5238: nm "conftest.o"
configure:5241: output
00000000 S _some_variable
configure:5248: result: BSD nm
configure:5251: checking whether ln -s works
configure:5255: result: yes
configure:5263: checking the maximum length of command line arguments
configure:5394: result: 196608
configure:5442: checking how to convert x86_64-apple-darwin18.7.0 file names to i386-apple-darwin format
configure:5482: result: func_convert_file_noop
configure:5489: checking how to convert x86_64-apple-darwin18.7.0 file names to toolchain format
configure:5509: result: func_convert_file_noop
configure:5516: checking for /Applications/Xcode.app/Contents/Developer/Toolchains/XcodeDefault.xctoolchain/usr/bin/ld option to reload object files
configure:5523: result: -r
configure:5557: checking for i386-apple-darwin-objdump
configure:5587: result: no
configure:5597: checking for objdump
configure:5613: found /usr/bin/objdump
configure:5624: result: objdump
configure:5656: checking how to recognize dependent libraries
configure:5856: result: pass_all
configure:5901: checking for i386-apple-darwin-dlltool
configure:5931: result: no
configure:5941: checking for dlltool
configure:5971: result: no
configure:6001: checking how to associate runtime and link libraries
configure:6028: result: printf %s\n
configure:6045: checking for i386-apple-darwin-ar
configure:6075: result: no
configure:6089: checking for ar
configure:6105: found /usr/bin/ar
configure:6116: result: ar
configure:6153: checking for archiver @FILE support
configure:6170: xcrun -sdk iphonesimulator clang -Wno-error=unused-command-line-argument-hard-error-in-future -c -arch i386 -mios-simulator-version-min=7.0 -arch i386 -mios-simulator-version-min=7.0 conftest.c >&5
warning: unknown warning option '-Werror=unused-command-line-argument-hard-error-in-future'; did you mean '-Werror=unused-command-line-argument'? [-Wunknown-warning-option]
1 warning generated.
configure:6170: $? = 0
configure:6173: ar cru libconftest.a @conftest.lst >&5
ar: @conftest.lst: No such file or directory
configure:6176: $? = 1
configure:6196: result: no
configure:6214: checking for i386-apple-darwin-strip
configure:6241: result: strip
configure:6313: checking for i386-apple-darwin-ranlib
configure:6343: result: no
configure:6353: checking for ranlib
configure:6369: found /usr/bin/ranlib
configure:6380: result: ranlib
configure:6482: checking command to parse nm output from xcrun -sdk iphonesimulator clang -Wno-error=unused-command-line-argument-hard-error-in-future object
configure:6635: xcrun -sdk iphonesimulator clang -Wno-error=unused-command-line-argument-hard-error-in-future -c -arch i386 -mios-simulator-version-min=7.0 -arch i386 -mios-simulator-version-min=7.0 conftest.c >&5
warning: unknown warning option '-Werror=unused-command-line-argument-hard-error-in-future'; did you mean '-Werror=unused-command-line-argument'? [-Wunknown-warning-option]
1 warning generated.
configure:6638: $? = 0
configure:6642: nm conftest.o \| sed -n -e 's/^.*[ ]\([BCDEGRST][BCDEGRST]*\)[ ][ ]*\([_A-Za-z][_A-Za-z0-9]*\)$/\1 \2 \2/p' | sed '/ __gnu_lto/d' \> conftest.nm
configure:6645: $? = 0
cannot find nm_test_var in conftest.nm
configure:6635: xcrun -sdk iphonesimulator clang -Wno-error=unused-command-line-argument-hard-error-in-future -c -arch i386 -mios-simulator-version-min=7.0 -arch i386 -mios-simulator-version-min=7.0 conftest.c >&5
warning: unknown warning option '-Werror=unused-command-line-argument-hard-error-in-future'; did you mean '-Werror=unused-command-line-argument'? [-Wunknown-warning-option]
1 warning generated.
configure:6638: $? = 0
configure:6642: nm conftest.o \| sed -n -e 's/^.*[ ]\([BCDEGRST][BCDEGRST]*\)[ ][ ]*_\([_A-Za-z][_A-Za-z0-9]*\)$/\1 _\2 \2/p' | sed '/ __gnu_lto/d' \> conftest.nm
configure:6645: $? = 0
configure:6711: xcrun -sdk iphonesimulator clang -Wno-error=unused-command-line-argument-hard-error-in-future -o conftest -arch i386 -mios-simulator-version-min=7.0 -arch i386 -mios-simulator-version-min=7.0 -arch i386 -mios-simulator-version-min=7.0 conftest.c conftstm.o >&5
warning: unknown warning option '-Werror=unused-command-line-argument-hard-error-in-future'; did you mean '-Werror=unused-command-line-argument'? [-Wunknown-warning-option]
1 warning generated.
ld: warning: OS version (7.0.0) too small, changing to 8.0.0
configure:6714: $? = 0
configure:6752: result: ok
configure:6799: checking for sysroot
configure:6829: result: no
configure:6836: checking for a working dd
configure:6874: result: /bin/dd
configure:6878: checking how to truncate binary pipes
configure:6893: result: /bin/dd bs=4096 count=1
configure:7182: checking for i386-apple-darwin-mt
configure:7212: result: no
configure:7222: checking for mt
configure:7252: result: no
configure:7272: checking if : is a manifest tool
configure:7278: : '-?'
configure:7286: result: no
configure:7302: checking for i386-apple-darwin-dsymutil
configure:7332: result: no
configure:7342: checking for dsymutil
configure:7358: found /usr/bin/dsymutil
configure:7369: result: dsymutil
configure:7394: checking for i386-apple-darwin-nmedit
configure:7424: result: no
configure:7434: checking for nmedit
configure:7450: found /usr/bin/nmedit
configure:7461: result: nmedit
configure:7486: checking for i386-apple-darwin-lipo
configure:7516: result: no
configure:7526: checking for lipo
configure:7542: found /usr/bin/lipo
configure:7553: result: lipo
configure:7578: checking for i386-apple-darwin-otool
configure:7608: result: no
configure:7618: checking for otool
configure:7634: found /usr/bin/otool
configure:7645: result: otool
configure:7670: checking for i386-apple-darwin-otool64
configure:7700: result: no
configure:7710: checking for otool64
configure:7740: result: no
configure:7785: checking for -single_module linker flag
xcrun -sdk iphonesimulator clang -Wno-error=unused-command-line-argument-hard-error-in-future -arch i386 -mios-simulator-version-min=7.0 -arch i386 -mios-simulator-version-min=7.0 -o libconftest.dylib -dynamiclib -Wl,-single_module conftest.c
configure:7818: result: yes
configure:7821: checking for -exported_symbols_list linker flag
configure:7841: xcrun -sdk iphonesimulator clang -Wno-error=unused-command-line-argument-hard-error-in-future -o conftest -arch i386 -mios-simulator-version-min=7.0 -arch i386 -mios-simulator-version-min=7.0 -arch i386 -mios-simulator-version-min=7.0 -Wl,-exported_symbols_list,conftest.sym conftest.c  >&5
warning: unknown warning option '-Werror=unused-command-line-argument-hard-error-in-future'; did you mean '-Werror=unused-command-line-argument'? [-Wunknown-warning-option]
1 warning generated.
ld: warning: OS version (7.0.0) too small, changing to 8.0.0
configure:7841: $? = 0
configure:7851: result: yes
configure:7854: checking for -force_load linker flag
xcrun -sdk iphonesimulator clang -Wno-error=unused-command-line-argument-hard-error-in-future -arch i386 -mios-simulator-version-min=7.0 -c -o conftest.o conftest.c
warning: unknown warning option '-Werror=unused-command-line-argument-hard-error-in-future'; did you mean '-Werror=unused-command-line-argument'? [-Wunknown-warning-option]
1 warning generated.
ar cru libconftest.a conftest.o
ranlib libconftest.a
xcrun -sdk iphonesimulator clang -Wno-error=unused-command-line-argument-hard-error-in-future -arch i386 -mios-simulator-version-min=7.0 -arch i386 -mios-simulator-version-min=7.0 -o conftest conftest.c -Wl,-force_load,./libconftest.a
configure:7886: result: yes
configure:7963: checking how to run the C preprocessor
configure:8033: result: xcrun -sdk iphonesimulator clang -Wno-error=unused-command-line-argument-hard-error-in-future -E
configure:8053: xcrun -sdk iphonesimulator clang -Wno-error=unused-command-line-argument-hard-error-in-future -E -arch i386 -mios-simulator-version-min=7.0 conftest.c
warning: unknown warning option '-Werror=unused-command-line-argument-hard-error-in-future'; did you mean '-Werror=unused-command-line-argument'? [-Wunknown-warning-option]
1 warning generated.
configure:8053: $? = 0
configure:8067: xcrun -sdk iphonesimulator clang -Wno-error=unused-command-line-argument-hard-error-in-future -E -arch i386 -mios-simulator-version-min=7.0 conftest.c
warning: unknown warning option '-Werror=unused-command-line-argument-hard-error-in-future'; did you mean '-Werror=unused-command-line-argument'? [-Wunknown-warning-option]
conftest.c:11:10: fatal error: 'ac_nonexistent.h' file not found
#include <ac_nonexistent.h>
         ^~~~~~~~~~~~~~~~~~
1 warning and 1 error generated.
configure:8067: $? = 1
configure: failed program was:
| /* confdefs.h */
| #define PACKAGE_NAME "fdk-aac"
| #define PACKAGE_TARNAME "fdk-aac"
| #define PACKAGE_VERSION "0.1.4"
| #define PACKAGE_STRING "fdk-aac 0.1.4"
| #define PACKAGE_BUGREPORT "http://sourceforge.net/projects/opencore-amr/"
| #define PACKAGE_URL ""
| #define PACKAGE "fdk-aac"
| #define VERSION "0.1.4"
| /* end confdefs.h.  */
| #include <ac_nonexistent.h>
configure:8096: checking for ANSI C header files
configure:8116: xcrun -sdk iphonesimulator clang -Wno-error=unused-command-line-argument-hard-error-in-future -c -arch i386 -mios-simulator-version-min=7.0 -arch i386 -mios-simulator-version-min=7.0 conftest.c >&5
warning: unknown warning option '-Werror=unused-command-line-argument-hard-error-in-future'; did you mean '-Werror=unused-command-line-argument'? [-Wunknown-warning-option]
1 warning generated.
configure:8116: $? = 0
warning: unknown warning option '-Werror=unused-command-line-argument-hard-error-in-future'; did you mean '-Werror=unused-command-line-argument'? [-Wunknown-warning-option]
1 warning generated.
warning: unknown warning option '-Werror=unused-command-line-argument-hard-error-in-future'; did you mean '-Werror=unused-command-line-argument'? [-Wunknown-warning-option]
1 warning generated.
configure:8200: result: yes
configure:8213: checking for sys/types.h
configure:8213: xcrun -sdk iphonesimulator clang -Wno-error=unused-command-line-argument-hard-error-in-future -c -arch i386 -mios-simulator-version-min=7.0 -arch i386 -mios-simulator-version-min=7.0 conftest.c >&5
warning: unknown warning option '-Werror=unused-command-line-argument-hard-error-in-future'; did you mean '-Werror=unused-command-line-argument'? [-Wunknown-warning-option]
1 warning generated.
configure:8213: $? = 0
configure:8213: result: yes
configure:8213: checking for sys/stat.h
configure:8213: xcrun -sdk iphonesimulator clang -Wno-error=unused-command-line-argument-hard-error-in-future -c -arch i386 -mios-simulator-version-min=7.0 -arch i386 -mios-simulator-version-min=7.0 conftest.c >&5
warning: unknown warning option '-Werror=unused-command-line-argument-hard-error-in-future'; did you mean '-Werror=unused-command-line-argument'? [-Wunknown-warning-option]
1 warning generated.
configure:8213: $? = 0
configure:8213: result: yes
configure:8213: checking for stdlib.h
configure:8213: xcrun -sdk iphonesimulator clang -Wno-error=unused-command-line-argument-hard-error-in-future -c -arch i386 -mios-simulator-version-min=7.0 -arch i386 -mios-simulator-version-min=7.0 conftest.c >&5
warning: unknown warning option '-Werror=unused-command-line-argument-hard-error-in-future'; did you mean '-Werror=unused-command-line-argument'? [-Wunknown-warning-option]
1 warning generated.
configure:8213: $? = 0
configure:8213: result: yes
configure:8213: checking for string.h
configure:8213: xcrun -sdk iphonesimulator clang -Wno-error=unused-command-line-argument-hard-error-in-future -c -arch i386 -mios-simulator-version-min=7.0 -arch i386 -mios-simulator-version-min=7.0 conftest.c >&5
warning: unknown warning option '-Werror=unused-command-line-argument-hard-error-in-future'; did you mean '-Werror=unused-command-line-argument'? [-Wunknown-warning-option]
1 warning generated.
configure:8213: $? = 0
configure:8213: result: yes
configure:8213: checking for memory.h
configure:8213: xcrun -sdk iphonesimulator clang -Wno-error=unused-command-line-argument-hard-error-in-future -c -arch i386 -mios-simulator-version-min=7.0 -arch i386 -mios-simulator-version-min=7.0 conftest.c >&5
warning: unknown warning option '-Werror=unused-command-line-argument-hard-error-in-future'; did you mean '-Werror=unused-command-line-argument'? [-Wunknown-warning-option]
1 warning generated.
configure:8213: $? = 0
configure:8213: result: yes
configure:8213: checking for strings.h
configure:8213: xcrun -sdk iphonesimulator clang -Wno-error=unused-command-line-argument-hard-error-in-future -c -arch i386 -mios-simulator-version-min=7.0 -arch i386 -mios-simulator-version-min=7.0 conftest.c >&5
warning: unknown warning option '-Werror=unused-command-line-argument-hard-error-in-future'; did you mean '-Werror=unused-command-line-argument'? [-Wunknown-warning-option]
1 warning generated.
configure:8213: $? = 0
configure:8213: result: yes
configure:8213: checking for inttypes.h
configure:8213: xcrun -sdk iphonesimulator clang -Wno-error=unused-command-line-argument-hard-error-in-future -c -arch i386 -mios-simulator-version-min=7.0 -arch i386 -mios-simulator-version-min=7.0 conftest.c >&5
warning: unknown warning option '-Werror=unused-command-line-argument-hard-error-in-future'; did you mean '-Werror=unused-command-line-argument'? [-Wunknown-warning-option]
1 warning generated.
configure:8213: $? = 0
configure:8213: result: yes
configure:8213: checking for stdint.h
configure:8213: xcrun -sdk iphonesimulator clang -Wno-error=unused-command-line-argument-hard-error-in-future -c -arch i386 -mios-simulator-version-min=7.0 -arch i386 -mios-simulator-version-min=7.0 conftest.c >&5
warning: unknown warning option '-Werror=unused-command-line-argument-hard-error-in-future'; did you mean '-Werror=unused-command-line-argument'? [-Wunknown-warning-option]
1 warning generated.
configure:8213: $? = 0
configure:8213: result: yes
configure:8213: checking for unistd.h
configure:8213: xcrun -sdk iphonesimulator clang -Wno-error=unused-command-line-argument-hard-error-in-future -c -arch i386 -mios-simulator-version-min=7.0 -arch i386 -mios-simulator-version-min=7.0 conftest.c >&5
warning: unknown warning option '-Werror=unused-command-line-argument-hard-error-in-future'; did you mean '-Werror=unused-command-line-argument'? [-Wunknown-warning-option]
1 warning generated.
configure:8213: $? = 0
configure:8213: result: yes
configure:8227: checking for dlfcn.h
configure:8227: xcrun -sdk iphonesimulator clang -Wno-error=unused-command-line-argument-hard-error-in-future -c -arch i386 -mios-simulator-version-min=7.0 -arch i386 -mios-simulator-version-min=7.0 conftest.c >&5
warning: unknown warning option '-Werror=unused-command-line-argument-hard-error-in-future'; did you mean '-Werror=unused-command-line-argument'? [-Wunknown-warning-option]
1 warning generated.
configure:8227: $? = 0
configure:8227: result: yes
configure:8494: checking for objdir
configure:8509: result: .libs
configure:8773: checking if xcrun -sdk iphonesimulator clang -Wno-error=unused-command-line-argument-hard-error-in-future supports -fno-rtti -fno-exceptions
configure:8791: xcrun -sdk iphonesimulator clang -Wno-error=unused-command-line-argument-hard-error-in-future -c -arch i386 -mios-simulator-version-min=7.0 -arch i386 -mios-simulator-version-min=7.0 -fno-rtti -fno-exceptions conftest.c >&5
warning: unknown warning option '-Werror=unused-command-line-argument-hard-error-in-future'; did you mean '-Werror=unused-command-line-argument'? [-Wunknown-warning-option]
1 warning generated.
configure:8795: $? = 0
configure:8808: result: yes
configure:9166: checking for xcrun -sdk iphonesimulator clang -Wno-error=unused-command-line-argument-hard-error-in-future option to produce PIC
configure:9173: result: -fno-common -DPIC
configure:9181: checking if xcrun -sdk iphonesimulator clang -Wno-error=unused-command-line-argument-hard-error-in-future PIC flag -fno-common -DPIC works
configure:9199: xcrun -sdk iphonesimulator clang -Wno-error=unused-command-line-argument-hard-error-in-future -c -arch i386 -mios-simulator-version-min=7.0 -arch i386 -mios-simulator-version-min=7.0 -fno-common -DPIC -DPIC conftest.c >&5
warning: unknown warning option '-Werror=unused-command-line-argument-hard-error-in-future'; did you mean '-Werror=unused-command-line-argument'? [-Wunknown-warning-option]
1 warning generated.
configure:9203: $? = 0
configure:9216: result: yes
configure:9245: checking if xcrun -sdk iphonesimulator clang -Wno-error=unused-command-line-argument-hard-error-in-future static flag -static works
configure:9273: result: no
configure:9288: checking if xcrun -sdk iphonesimulator clang -Wno-error=unused-command-line-argument-hard-error-in-future supports -c -o file.o
configure:9309: xcrun -sdk iphonesimulator clang -Wno-error=unused-command-line-argument-hard-error-in-future -c -arch i386 -mios-simulator-version-min=7.0 -arch i386 -mios-simulator-version-min=7.0 -o out/conftest2.o conftest.c >&5
warning: unknown warning option '-Werror=unused-command-line-argument-hard-error-in-future'; did you mean '-Werror=unused-command-line-argument'? [-Wunknown-warning-option]
1 warning generated.
configure:9313: $? = 0
configure:9335: result: yes
configure:9343: checking if xcrun -sdk iphonesimulator clang -Wno-error=unused-command-line-argument-hard-error-in-future supports -c -o file.o
configure:9390: result: yes
configure:9423: checking whether the xcrun -sdk iphonesimulator clang -Wno-error=unused-command-line-argument-hard-error-in-future linker (/Applications/Xcode.app/Contents/Developer/Toolchains/XcodeDefault.xctoolchain/usr/bin/ld) supports shared libraries
configure:10682: result: yes
configure:10922: checking dynamic linker characteristics
configure:11740: result: darwin dyld
configure:11862: checking how to hardcode library paths into programs
configure:11887: result: immediate
configure:12435: checking whether stripping libraries is possible
configure:12449: result: yes
configure:12475: checking if libtool supports shared libraries
configure:12477: result: yes
configure:12480: checking whether to build shared libraries
configure:12505: result: no
configure:12508: checking whether to build static libraries
configure:12512: result: yes
configure:12535: checking how to run the C++ preprocessor
configure:12562: xcrun -sdk iphonesimulator clang -Wno-error=unused-command-line-argument-hard-error-in-future -E -arch i386 -mios-simulator-version-min=7.0 conftest.cpp
warning: unknown warning option '-Werror=unused-command-line-argument-hard-error-in-future'; did you mean '-Werror=unused-command-line-argument'? [-Wunknown-warning-option]
1 warning generated.
configure:12562: $? = 0
configure:12576: xcrun -sdk iphonesimulator clang -Wno-error=unused-command-line-argument-hard-error-in-future -E -arch i386 -mios-simulator-version-min=7.0 conftest.cpp
warning: unknown warning option '-Werror=unused-command-line-argument-hard-error-in-future'; did you mean '-Werror=unused-command-line-argument'? [-Wunknown-warning-option]
conftest.cpp:23:10: fatal error: 'ac_nonexistent.h' file not found
#include <ac_nonexistent.h>
         ^~~~~~~~~~~~~~~~~~
1 warning and 1 error generated.
configure:12576: $? = 1
configure: failed program was:
| /* confdefs.h */
| #define PACKAGE_NAME "fdk-aac"
| #define PACKAGE_TARNAME "fdk-aac"
| #define PACKAGE_VERSION "0.1.4"
| #define PACKAGE_STRING "fdk-aac 0.1.4"
| #define PACKAGE_BUGREPORT "http://sourceforge.net/projects/opencore-amr/"
| #define PACKAGE_URL ""
| #define PACKAGE "fdk-aac"
| #define VERSION "0.1.4"
| #define STDC_HEADERS 1
| #define HAVE_SYS_TYPES_H 1
| #define HAVE_SYS_STAT_H 1
| #define HAVE_STDLIB_H 1
| #define HAVE_STRING_H 1
| #define HAVE_MEMORY_H 1
| #define HAVE_STRINGS_H 1
| #define HAVE_INTTYPES_H 1
| #define HAVE_STDINT_H 1
| #define HAVE_UNISTD_H 1
| #define HAVE_DLFCN_H 1
| #define LT_OBJDIR ".libs/"
| /* end confdefs.h.  */
| #include <ac_nonexistent.h>
configure:12601: result: xcrun -sdk iphonesimulator clang -Wno-error=unused-command-line-argument-hard-error-in-future -E
configure:12621: xcrun -sdk iphonesimulator clang -Wno-error=unused-command-line-argument-hard-error-in-future -E -arch i386 -mios-simulator-version-min=7.0 conftest.cpp
warning: unknown warning option '-Werror=unused-command-line-argument-hard-error-in-future'; did you mean '-Werror=unused-command-line-argument'? [-Wunknown-warning-option]
1 warning generated.
configure:12621: $? = 0
configure:12635: xcrun -sdk iphonesimulator clang -Wno-error=unused-command-line-argument-hard-error-in-future -E -arch i386 -mios-simulator-version-min=7.0 conftest.cpp
warning: unknown warning option '-Werror=unused-command-line-argument-hard-error-in-future'; did you mean '-Werror=unused-command-line-argument'? [-Wunknown-warning-option]
conftest.cpp:23:10: fatal error: 'ac_nonexistent.h' file not found
#include <ac_nonexistent.h>
         ^~~~~~~~~~~~~~~~~~
1 warning and 1 error generated.
configure:12635: $? = 1
configure: failed program was:
| /* confdefs.h */
| #define PACKAGE_NAME "fdk-aac"
| #define PACKAGE_TARNAME "fdk-aac"
| #define PACKAGE_VERSION "0.1.4"
| #define PACKAGE_STRING "fdk-aac 0.1.4"
| #define PACKAGE_BUGREPORT "http://sourceforge.net/projects/opencore-amr/"
| #define PACKAGE_URL ""
| #define PACKAGE "fdk-aac"
| #define VERSION "0.1.4"
| #define STDC_HEADERS 1
| #define HAVE_SYS_TYPES_H 1
| #define HAVE_SYS_STAT_H 1
| #define HAVE_STDLIB_H 1
| #define HAVE_STRING_H 1
| #define HAVE_MEMORY_H 1
| #define HAVE_STRINGS_H 1
| #define HAVE_INTTYPES_H 1
| #define HAVE_STDINT_H 1
| #define HAVE_UNISTD_H 1
| #define HAVE_DLFCN_H 1
| #define LT_OBJDIR ".libs/"
| /* end confdefs.h.  */
| #include <ac_nonexistent.h>
configure:12797: checking for ld used by xcrun -sdk iphonesimulator clang -Wno-error=unused-command-line-argument-hard-error-in-future
configure:12864: result: /Applications/Xcode.app/Contents/Developer/Toolchains/XcodeDefault.xctoolchain/usr/bin/ld
configure:12871: checking if the linker (/Applications/Xcode.app/Contents/Developer/Toolchains/XcodeDefault.xctoolchain/usr/bin/ld) is GNU ld
configure:12886: result: no
configure:12941: checking whether the xcrun -sdk iphonesimulator clang -Wno-error=unused-command-line-argument-hard-error-in-future linker (/Applications/Xcode.app/Contents/Developer/Toolchains/XcodeDefault.xctoolchain/usr/bin/ld) supports shared libraries
configure:14014: result: yes
configure:14050: xcrun -sdk iphonesimulator clang -Wno-error=unused-command-line-argument-hard-error-in-future -c -g -O2 -arch i386 -mios-simulator-version-min=7.0 conftest.cpp >&5
warning: unknown warning option '-Werror=unused-command-line-argument-hard-error-in-future'; did you mean '-Werror=unused-command-line-argument'? [-Wunknown-warning-option]
1 warning generated.
configure:14053: $? = 0
configure:14534: checking for xcrun -sdk iphonesimulator clang -Wno-error=unused-command-line-argument-hard-error-in-future option to produce PIC
configure:14541: result: -fno-common -DPIC
configure:14549: checking if xcrun -sdk iphonesimulator clang -Wno-error=unused-command-line-argument-hard-error-in-future PIC flag -fno-common -DPIC works
configure:14567: xcrun -sdk iphonesimulator clang -Wno-error=unused-command-line-argument-hard-error-in-future -c -g -O2 -arch i386 -mios-simulator-version-min=7.0 -fno-common -DPIC -DPIC conftest.cpp >&5
warning: unknown warning option '-Werror=unused-command-line-argument-hard-error-in-future'; did you mean '-Werror=unused-command-line-argument'? [-Wunknown-warning-option]
1 warning generated.
configure:14571: $? = 0
configure:14584: result: yes
configure:14607: checking if xcrun -sdk iphonesimulator clang -Wno-error=unused-command-line-argument-hard-error-in-future static flag -static works
configure:14635: result: no
configure:14647: checking if xcrun -sdk iphonesimulator clang -Wno-error=unused-command-line-argument-hard-error-in-future supports -c -o file.o
configure:14668: xcrun -sdk iphonesimulator clang -Wno-error=unused-command-line-argument-hard-error-in-future -c -g -O2 -arch i386 -mios-simulator-version-min=7.0 -o out/conftest2.o conftest.cpp >&5
warning: unknown warning option '-Werror=unused-command-line-argument-hard-error-in-future'; did you mean '-Werror=unused-command-line-argument'? [-Wunknown-warning-option]
1 warning generated.
configure:14672: $? = 0
configure:14694: result: yes
configure:14699: checking if xcrun -sdk iphonesimulator clang -Wno-error=unused-command-line-argument-hard-error-in-future supports -c -o file.o
configure:14746: result: yes
configure:14776: checking whether the xcrun -sdk iphonesimulator clang -Wno-error=unused-command-line-argument-hard-error-in-future linker (/Applications/Xcode.app/Contents/Developer/Toolchains/XcodeDefault.xctoolchain/usr/bin/ld) supports shared libraries
configure:14816: result: yes
configure:14957: checking dynamic linker characteristics
configure:15702: result: darwin dyld
configure:15767: checking how to hardcode library paths into programs
configure:15792: result: immediate
configure:15854: checking for library containing sin
configure:15885: xcrun -sdk iphonesimulator clang -Wno-error=unused-command-line-argument-hard-error-in-future -o conftest -arch i386 -mios-simulator-version-min=7.0 -arch i386 -mios-simulator-version-min=7.0 -arch i386 -mios-simulator-version-min=7.0 conftest.c  >&5
warning: unknown warning option '-Werror=unused-command-line-argument-hard-error-in-future'; did you mean '-Werror=unused-command-line-argument'? [-Wunknown-warning-option]
conftest.c:30:6: warning: incompatible redeclaration of library function 'sin' [-Wincompatible-library-redeclaration]
char sin ();
     ^
conftest.c:30:6: note: 'sin' is a builtin with type 'double (double)'
2 warnings generated.
ld: warning: OS version (7.0.0) too small, changing to 8.0.0
configure:15885: $? = 0
configure:15902: result: none required
configure:16069: checking that generated files are newer than configure
configure:16075: result: done
configure:16106: creating ./config.status

## ---------------------- ##
## Running config.status. ##
## ---------------------- ##

This file was extended by fdk-aac config.status 0.1.4, which was
generated by GNU Autoconf 2.69.  Invocation command line was

  CONFIG_FILES    = 
  CONFIG_HEADERS  = 
  CONFIG_LINKS    = 
  CONFIG_COMMANDS = 
  $ ./config.status 

on fengcaifandeMacBook-Pro-2.local

config.status:1072: creating Makefile
config.status:1072: creating fdk-aac.pc
config.status:1229: executing depfiles commands
config.status:1306: cd .       && sed -e '/# am--include-marker/d' Makefile         | make -f - am--depfiles
config.status:1311: $? = 0
config.status:1229: executing libtool commands

## ---------------- ##
## Cache variables. ##
## ---------------- ##

ac_cv_build=x86_64-apple-darwin18.7.0
ac_cv_c_compiler_gnu=yes
ac_cv_cxx_compiler_gnu=yes
ac_cv_env_CCC_set=
ac_cv_env_CCC_value=
ac_cv_env_CC_set=set
ac_cv_env_CC_value='xcrun -sdk iphonesimulator clang -Wno-error=unused-command-line-argument-hard-error-in-future'
ac_cv_env_CFLAGS_set=set
ac_cv_env_CFLAGS_value='-arch i386 -mios-simulator-version-min=7.0'
ac_cv_env_CPPFLAGS_set=set
ac_cv_env_CPPFLAGS_value='-arch i386 -mios-simulator-version-min=7.0'
ac_cv_env_CPP_set=set
ac_cv_env_CPP_value='xcrun -sdk iphonesimulator clang -Wno-error=unused-command-line-argument-hard-error-in-future -E'
ac_cv_env_CXXCPP_set=
ac_cv_env_CXXCPP_value=
ac_cv_env_CXXFLAGS_set=
ac_cv_env_CXXFLAGS_value=
ac_cv_env_CXX_set=set
ac_cv_env_CXX_value='xcrun -sdk iphonesimulator clang -Wno-error=unused-command-line-argument-hard-error-in-future'
ac_cv_env_LDFLAGS_set=set
ac_cv_env_LDFLAGS_value='-arch i386 -mios-simulator-version-min=7.0'
ac_cv_env_LIBS_set=
ac_cv_env_LIBS_value=
ac_cv_env_LT_SYS_LIBRARY_PATH_set=
ac_cv_env_LT_SYS_LIBRARY_PATH_value=
ac_cv_env_build_alias_set=
ac_cv_env_build_alias_value=
ac_cv_env_host_alias_set=set
ac_cv_env_host_alias_value=i386-apple-darwin
ac_cv_env_target_alias_set=
ac_cv_env_target_alias_value=
ac_cv_header_dlfcn_h=yes
ac_cv_header_inttypes_h=yes
ac_cv_header_memory_h=yes
ac_cv_header_stdc=yes
ac_cv_header_stdint_h=yes
ac_cv_header_stdlib_h=yes
ac_cv_header_string_h=yes
ac_cv_header_strings_h=yes
ac_cv_header_sys_stat_h=yes
ac_cv_header_sys_types_h=yes
ac_cv_header_unistd_h=yes
ac_cv_host=i386-apple-darwin
ac_cv_objext=o
ac_cv_path_EGREP='/usr/bin/grep -E'
ac_cv_path_FGREP='/usr/bin/grep -F'
ac_cv_path_GREP=/usr/bin/grep
ac_cv_path_SED=/usr/bin/sed
ac_cv_path_install='/usr/bin/install -c'
ac_cv_path_lt_DD=/bin/dd
ac_cv_prog_AWK=awk
ac_cv_prog_CC='xcrun -sdk iphonesimulator clang -Wno-error=unused-command-line-argument-hard-error-in-future'
ac_cv_prog_CPP='xcrun -sdk iphonesimulator clang -Wno-error=unused-command-line-argument-hard-error-in-future -E'
ac_cv_prog_CXXCPP='xcrun -sdk iphonesimulator clang -Wno-error=unused-command-line-argument-hard-error-in-future -E'
ac_cv_prog_STRIP=strip
ac_cv_prog_ac_ct_AR=ar
ac_cv_prog_ac_ct_DSYMUTIL=dsymutil
ac_cv_prog_ac_ct_DUMPBIN='link -dump'
ac_cv_prog_ac_ct_LIPO=lipo
ac_cv_prog_ac_ct_NMEDIT=nmedit
ac_cv_prog_ac_ct_OBJDUMP=objdump
ac_cv_prog_ac_ct_OTOOL=otool
ac_cv_prog_ac_ct_RANLIB=ranlib
ac_cv_prog_ac_ct_STRIP=strip
ac_cv_prog_cc_c89=
ac_cv_prog_cc_g=yes
ac_cv_prog_cxx_g=yes
ac_cv_prog_make_make_set=yes
ac_cv_search_sin='none required'
am_cv_CC_dependencies_compiler_type=gcc3
am_cv_CXX_dependencies_compiler_type=gcc3
am_cv_make_support_nested_variables=yes
am_cv_prog_cc_c_o=yes
am_cv_prog_tar_ustar=gnutar
lt_cv_apple_cc_single_mod=yes
lt_cv_ar_at_file=no
lt_cv_deplibs_check_method=pass_all
lt_cv_file_magic_cmd='$MAGIC_CMD'
lt_cv_file_magic_test_file=
lt_cv_ld_exported_symbols_list=yes
lt_cv_ld_force_load=yes
lt_cv_ld_reload_flag=-r
lt_cv_nm_interface='BSD nm'
lt_cv_objdir=.libs
lt_cv_path_LD=/Applications/Xcode.app/Contents/Developer/Toolchains/XcodeDefault.xctoolchain/usr/bin/ld
lt_cv_path_LDCXX=/Applications/Xcode.app/Contents/Developer/Toolchains/XcodeDefault.xctoolchain/usr/bin/ld
lt_cv_path_NM=no
lt_cv_path_mainfest_tool=no
lt_cv_prog_compiler_c_o=yes
lt_cv_prog_compiler_c_o_CXX=yes
lt_cv_prog_compiler_pic='-fno-common -DPIC'
lt_cv_prog_compiler_pic_CXX='-fno-common -DPIC'
lt_cv_prog_compiler_pic_works=yes
lt_cv_prog_compiler_pic_works_CXX=yes
lt_cv_prog_compiler_rtti_exceptions=yes
lt_cv_prog_compiler_static_works=no
lt_cv_prog_compiler_static_works_CXX=no
lt_cv_prog_gnu_ld=no
lt_cv_prog_gnu_ldcxx=no
lt_cv_sharedlib_from_linklib_cmd='printf %s\n'
lt_cv_sys_global_symbol_pipe='sed -n -e '\''s/^.*[	 ]\([BCDEGRST][BCDEGRST]*\)[	 ][	 ]*_\([_A-Za-z][_A-Za-z0-9]*\)$/\1 _\2 \2/p'\'' | sed '\''/ __gnu_lto/d'\'''
lt_cv_sys_global_symbol_to_c_name_address='sed -n -e '\''s/^: \(.*\) .*$/  {"\1", (void *) 0},/p'\'' -e '\''s/^[BCDEGRST][BCDEGRST]* .* \(.*\)$/  {"\1", (void *) \&\1},/p'\'''
lt_cv_sys_global_symbol_to_c_name_address_lib_prefix='sed -n -e '\''s/^: \(.*\) .*$/  {"\1", (void *) 0},/p'\'' -e '\''s/^[BCDEGRST][BCDEGRST]* .* \(lib.*\)$/  {"\1", (void *) \&\1},/p'\'' -e '\''s/^[BCDEGRST][BCDEGRST]* .* \(.*\)$/  {"lib\1", (void *) \&\1},/p'\'''
lt_cv_sys_global_symbol_to_cdecl='sed -n -e '\''s/^T .* \(.*\)$/extern int \1();/p'\'' -e '\''s/^[BCDEGRST][BCDEGRST]* .* \(.*\)$/extern char \1;/p'\'''
lt_cv_sys_global_symbol_to_import=
lt_cv_sys_max_cmd_len=196608
lt_cv_to_host_file_cmd=func_convert_file_noop
lt_cv_to_tool_file_cmd=func_convert_file_noop
lt_cv_truncate_bin='/bin/dd bs=4096 count=1'

## ----------------- ##
## Output variables. ##
## ----------------- ##

ACLOCAL='${SHELL} /Users/fan/Desktop/fdk-aac/fdk-aac-0.1.4/missing aclocal-1.16'
AMDEPBACKSLASH='\'
AMDEP_FALSE='#'
AMDEP_TRUE=''
AMTAR='$${TAR-tar}'
AM_BACKSLASH='\'
AM_DEFAULT_V='$(AM_DEFAULT_VERBOSITY)'
AM_DEFAULT_VERBOSITY='0'
AM_V='$(V)'
AR='ar'
AUTOCONF='${SHELL} /Users/fan/Desktop/fdk-aac/fdk-aac-0.1.4/missing autoconf'
AUTOHEADER='${SHELL} /Users/fan/Desktop/fdk-aac/fdk-aac-0.1.4/missing autoheader'
AUTOMAKE='${SHELL} /Users/fan/Desktop/fdk-aac/fdk-aac-0.1.4/missing automake-1.16'
AWK='awk'
CC='xcrun -sdk iphonesimulator clang -Wno-error=unused-command-line-argument-hard-error-in-future'
CCDEPMODE='depmode=gcc3'
CFLAGS='-arch i386 -mios-simulator-version-min=7.0'
CPP='xcrun -sdk iphonesimulator clang -Wno-error=unused-command-line-argument-hard-error-in-future -E'
CPPFLAGS='-arch i386 -mios-simulator-version-min=7.0'
CXX='xcrun -sdk iphonesimulator clang -Wno-error=unused-command-line-argument-hard-error-in-future'
CXXCPP='xcrun -sdk iphonesimulator clang -Wno-error=unused-command-line-argument-hard-error-in-future -E'
CXXDEPMODE='depmode=gcc3'
CXXFLAGS='-g -O2'
CYGPATH_W='echo'
DEFS='-DPACKAGE_NAME=\"fdk-aac\" -DPACKAGE_TARNAME=\"fdk-aac\" -DPACKAGE_VERSION=\"0.1.4\" -DPACKAGE_STRING=\"fdk-aac\ 0.1.4\" -DPACKAGE_BUGREPORT=\"http://sourceforge.net/projects/opencore-amr/\" -DPACKAGE_URL=\"\" -DPACKAGE=\"fdk-aac\" -DVERSION=\"0.1.4\" -DSTDC_HEADERS=1 -DHAVE_SYS_TYPES_H=1 -DHAVE_SYS_STAT_H=1 -DHAVE_STDLIB_H=1 -DHAVE_STRING_H=1 -DHAVE_MEMORY_H=1 -DHAVE_STRINGS_H=1 -DHAVE_INTTYPES_H=1 -DHAVE_STDINT_H=1 -DHAVE_UNISTD_H=1 -DHAVE_DLFCN_H=1 -DLT_OBJDIR=\".libs/\"'
DEPDIR='.deps'
DLLTOOL='false'
DSYMUTIL='dsymutil'
DUMPBIN=':'
ECHO_C='\c'
ECHO_N=''
ECHO_T=''
EGREP='/usr/bin/grep -E'
EXAMPLE_FALSE=''
EXAMPLE_TRUE='#'
EXEEXT=''
FDK_AAC_VERSION='1:0:0'
FGREP='/usr/bin/grep -F'
GREP='/usr/bin/grep'
INSTALL_DATA='${INSTALL} -m 644'
INSTALL_PROGRAM='${INSTALL}'
INSTALL_SCRIPT='${INSTALL}'
INSTALL_STRIP_PROGRAM='$(install_sh) -c -s'
LD='/Applications/Xcode.app/Contents/Developer/Toolchains/XcodeDefault.xctoolchain/usr/bin/ld'
LDFLAGS='-arch i386 -mios-simulator-version-min=7.0'
LIBOBJS=''
LIBS=''
LIBS_PRIVATE=''
LIBS_PUBLIC=''
LIBTOOL='$(SHELL) $(top_builddir)/libtool'
LIPO='lipo'
LN_S='ln -s'
LTLIBOBJS=''
LT_SYS_LIBRARY_PATH=''
MAKEINFO='${SHELL} /Users/fan/Desktop/fdk-aac/fdk-aac-0.1.4/missing makeinfo'
MANIFEST_TOOL=':'
MKDIR_P='/Users/fan/Desktop/fdk-aac/fdk-aac-0.1.4/./install-sh -c -d'
NM='nm'
NMEDIT='nmedit'
OBJDUMP='objdump'
OBJEXT='o'
OTOOL64=':'
OTOOL='otool'
PACKAGE='fdk-aac'
PACKAGE_BUGREPORT='http://sourceforge.net/projects/opencore-amr/'
PACKAGE_NAME='fdk-aac'
PACKAGE_STRING='fdk-aac 0.1.4'
PACKAGE_TARNAME='fdk-aac'
PACKAGE_URL=''
PACKAGE_VERSION='0.1.4'
PATH_SEPARATOR=':'
RANLIB='ranlib'
SED='/usr/bin/sed'
SET_MAKE=''
SHELL='/bin/sh'
STRIP='strip'
VERSION='0.1.4'
ac_ct_AR='ar'
ac_ct_CC=''
ac_ct_CXX=''
ac_ct_DUMPBIN='link -dump'
am__EXEEXT_FALSE=''
am__EXEEXT_TRUE='#'
am__fastdepCC_FALSE='#'
am__fastdepCC_TRUE=''
am__fastdepCXX_FALSE='#'
am__fastdepCXX_TRUE=''
am__include='include'
am__isrc=' -I$(srcdir)'
am__leading_dot='.'
am__nodep='_no'
am__quote=''
am__tar='tar --format=ustar -chf - "$$tardir"'
am__untar='tar -xf -'
bindir='${exec_prefix}/bin'
build='x86_64-apple-darwin18.7.0'
build_alias=''
build_cpu='x86_64'
build_os='darwin18.7.0'
build_vendor='apple'
datadir='${datarootdir}'
datarootdir='${prefix}/share'
docdir='${datarootdir}/doc/${PACKAGE_TARNAME}'
dvidir='${docdir}'
exec_prefix='${prefix}'
host='i386-apple-darwin'
host_alias='i386-apple-darwin'
host_cpu='i386'
host_os='darwin'
host_vendor='apple'
htmldir='${docdir}'
includedir='${prefix}/include'
infodir='${datarootdir}/info'
install_sh='${SHELL} /Users/fan/Desktop/fdk-aac/fdk-aac-0.1.4/install-sh'
libdir='${exec_prefix}/lib'
libexecdir='${exec_prefix}/libexec'
localedir='${datarootdir}/locale'
localstatedir='${prefix}/var'
mandir='${datarootdir}/man'
mkdir_p='$(MKDIR_P)'
oldincludedir='/usr/include'
pdfdir='${docdir}'
prefix='/Users/fan/Desktop/fdk-aac/thin/i386'
program_transform_name='s,x,x,'
psdir='${docdir}'
sbindir='${exec_prefix}/sbin'
sharedstatedir='${prefix}/com'
sysconfdir='${prefix}/etc'
target_alias=''

## ----------- ##
## confdefs.h. ##
## ----------- ##

/* confdefs.h */
#define PACKAGE_NAME "fdk-aac"
#define PACKAGE_TARNAME "fdk-aac"
#define PACKAGE_VERSION "0.1.4"
#define PACKAGE_STRING "fdk-aac 0.1.4"
#define PACKAGE_BUGREPORT "http://sourceforge.net/projects/opencore-amr/"
#define PACKAGE_URL ""
#define PACKAGE "fdk-aac"
#define VERSION "0.1.4"
#define STDC_HEADERS 1
#define HAVE_SYS_TYPES_H 1
#define HAVE_SYS_STAT_H 1
#define HAVE_STDLIB_H 1
#define HAVE_STRING_H 1
#define HAVE_MEMORY_H 1
#define HAVE_STRINGS_H 1
#define HAVE_INTTYPES_H 1
#define HAVE_STDINT_H 1
#define HAVE_UNISTD_H 1
#define HAVE_DLFCN_H 1
#define LT_OBJDIR ".libs/"

configure: exit 0
